<?xml version="1.0" encoding="UTF-8"?>

<beans xmlns="http://www.springframework.org/schema/beans"
       xmlns:xsi="http://www.w3.org/2001/XMLSchema-instance"
	     xsi:schemaLocation="http://www.springframework.org/schema/beans
		                       http://www.springframework.org/schema/beans/spring-beans-3.1.xsd">

  <bean id="restTemplate" class="org.springframework.web.client.RestTemplate">  
    <property name="messageConverters">
      <list>
        <!--
        <bean id="marshallingHttpMessageConverter" class="org.springframework.http.converter.xml.MarshallingHttpMessageConverter">
		    	<property name="marshaller" ref="xstreamMarshaller"/>
		    	<property name="unmarshaller" ref="xstreamMarshaller"/>
        </bean>
        -->
        <!--
        <bean class="org.springframework.http.converter.ByteArrayHttpMessageConverter" />
        <bean class="org.springframework.http.converter.StringHttpMessageConverter"/>
        -->
		    <bean class="org.springframework.http.converter.json.MappingJacksonHttpMessageConverter"/>
		    <bean class="org.springframework.http.converter.FormHttpMessageConverter"/>
      </list>
    </property>
  </bean>
    
  <!--
  <bean id="xstreamMarshaller" class="org.springframework.oxm.xstream.XStreamMarshaller">
    <property name="aliases">
      <props>
        <prop key="book">com.hkt.client.web.rest.model.ServiceDescription</prop>
      </props>
    </property>
  </bean>
  -->
</beans>
